{
  "RSpec": {
    "coverage": {
      "/home/michael/RubymineProjects/Flashcard_API/spec/requests/flashcards_spec.rb": {
        "lines": [
          1,
          null,
          1,
          null,
          null,
          1,
          1,
          1,
          1,
          null,
          null,
          null
        ]
      },
      "/home/michael/RubymineProjects/Flashcard_API/spec/rails_helper.rb": {
        "lines": [
          null,
          1,
          1,
          1,
          null,
          1,
          1,
          null,
          null,
          null,
          null,
          null,
          null,
          null,
          null,
          null,
          null,
          null,
          null,
          null,
          null,
          null,
          null,
          null,
          null,
          null,
          null,
          1,
          null,
          0,
          0,
          null,
          1,
          null,
          1,
          null,
          null,
          null,
          null,
          1,
          null,
          null,
          null,
          null,
          null,
          null,
          null,
          null,
          null,
          null,
          null,
          null,
          null,
          null,
          null,
          null,
          null,
          1,
          null,
          null,
          1,
          null,
          null,
          null
        ]
      },
      "/home/michael/RubymineProjects/Flashcard_API/config/environment.rb": {
        "lines": [
          null,
          1,
          null,
          null,
          1
        ]
      },
      "/home/michael/RubymineProjects/Flashcard_API/config/application.rb": {
        "lines": [
          1,
          null,
          1,
          null,
          null,
          null,
          1,
          null,
          1,
          1,
          null,
          1,
          1,
          1,
          null,
          null,
          null,
          null,
          null,
          null,
          null,
          null,
          null,
          null,
          null,
          1,
          null,
          null
        ]
      },
      "/home/michael/RubymineProjects/Flashcard_API/config/boot.rb": {
        "lines": [
          1,
          null,
          1,
          1
        ]
      },
      "/home/michael/RubymineProjects/Flashcard_API/config/environments/test.rb": {
        "lines": [
          1,
          null,
          null,
          null,
          null,
          null,
          null,
          1,
          null,
          null,
          null,
          1,
          null,
          null,
          null,
          null,
          1,
          null,
          null,
          1,
          1,
          null,
          null,
          null,
          null,
          1,
          1,
          1,
          null,
          null,
          1,
          null,
          null,
          1,
          null,
          null,
          1,
          null,
          1,
          null,
          null,
          null,
          null,
          1,
          null,
          null,
          1,
          null,
          null,
          1,
          null,
          null,
          1,
          null,
          null,
          null,
          null,
          null,
          null,
          null
        ]
      },
      "/home/michael/RubymineProjects/Flashcard_API/config/initializers/cors.rb": {
        "lines": [
          null,
          null,
          null,
          null,
          null,
          null,
          null,
          null,
          null,
          null,
          null,
          null,
          null,
          null,
          null,
          null
        ]
      },
      "/home/michael/RubymineProjects/Flashcard_API/config/initializers/filter_parameter_logging.rb": {
        "lines": [
          null,
          null,
          null,
          null,
          null,
          1,
          null,
          null
        ]
      },
      "/home/michael/RubymineProjects/Flashcard_API/config/initializers/inflections.rb": {
        "lines": [
          null,
          null,
          null,
          null,
          null,
          null,
          null,
          null,
          null,
          null,
          null,
          null,
          null,
          null,
          null,
          null
        ]
      },
      "/home/michael/RubymineProjects/Flashcard_API/config/routes.rb": {
        "lines": [
          1,
          1,
          1,
          1,
          1,
          1,
          1,
          1,
          null,
          null,
          null,
          null,
          null
        ]
      },
      "/home/michael/RubymineProjects/Flashcard_API/spec/services/flashcard_create_spec.rb": {
        "lines": [
          1,
          null,
          null,
          null,
          1,
          1,
          1,
          1,
          1,
          1,
          null,
          1,
          1,
          1,
          null,
          null
        ]
      },
      "/home/michael/RubymineProjects/Flashcard_API/app/services/flashcard_create_service.rb": {
        "lines": [
          1,
          null,
          null,
          1,
          6,
          6,
          6,
          6,
          6,
          null,
          null,
          1,
          6,
          null,
          null,
          1,
          null,
          1,
          6,
          1,
          null,
          5,
          null,
          null,
          null,
          null,
          null,
          null,
          null,
          null,
          null,
          null
        ]
      },
      "/home/michael/RubymineProjects/Flashcard_API/app/services/application_service.rb": {
        "lines": [
          1,
          1,
          1,
          16,
          null,
          null,
          null,
          1,
          null,
          1,
          16,
          16,
          null,
          null,
          1,
          7,
          null,
          null,
          1,
          7,
          null,
          null,
          1,
          16,
          null,
          null,
          1,
          0,
          null,
          null,
          null
        ]
      },
      "/home/michael/RubymineProjects/Flashcard_API/spec/services/flashcard_destroy_spec.rb": {
        "lines": [
          1,
          null,
          null,
          1,
          1,
          1,
          1,
          1,
          1,
          null,
          null
        ]
      },
      "/home/michael/RubymineProjects/Flashcard_API/app/services/flashcard_destroy_service.rb": {
        "lines": [
          1,
          1,
          1,
          1,
          null,
          null,
          1,
          1,
          null,
          null
        ]
      },
      "/home/michael/RubymineProjects/Flashcard_API/spec/services/flashcard_update_spec.rb": {
        "lines": [
          1,
          null,
          null,
          1,
          1,
          1,
          1,
          1,
          1,
          1,
          null,
          1,
          1,
          1,
          1,
          null,
          1,
          1,
          1,
          1,
          null,
          null
        ]
      },
      "/home/michael/RubymineProjects/Flashcard_API/app/services/flashcard_update_service.rb": {
        "lines": [
          1,
          null,
          1,
          null,
          1,
          3,
          3,
          3,
          null,
          null,
          1,
          3,
          2,
          null,
          1,
          null,
          null,
          null,
          1,
          null,
          1,
          1,
          null,
          null,
          null,
          null,
          null,
          null,
          1,
          null,
          null
        ]
      },
      "/home/michael/RubymineProjects/Flashcard_API/spec/services/repetition_service_spec.rb": {
        "lines": [
          1,
          null,
          1,
          5,
          null,
          null,
          null,
          null,
          null,
          null,
          null,
          null,
          null,
          null,
          1,
          1,
          null,
          null,
          null,
          null,
          null,
          null,
          null,
          null,
          null,
          1,
          1,
          1,
          1,
          null,
          1,
          1,
          1,
          null,
          1,
          1,
          1,
          null,
          1,
          1,
          1,
          null,
          1,
          1,
          1,
          null,
          1,
          1,
          1,
          null,
          null,
          null
        ]
      },
      "/home/michael/RubymineProjects/Flashcard_API/app/services/repetition_service.rb": {
        "lines": [
          1,
          null,
          1,
          null,
          1,
          6,
          6,
          null,
          null,
          1,
          6,
          null,
          null,
          1,
          null,
          1,
          6,
          2,
          4,
          1,
          null,
          3,
          null,
          null,
          null,
          null,
          3,
          null,
          null,
          null,
          null,
          1,
          6,
          4,
          null,
          0,
          null,
          null,
          1,
          3,
          3,
          null,
          null,
          null
        ]
      },
      "/home/michael/RubymineProjects/Flashcard_API/app/controllers/flashcards_controller.rb": {
        "lines": [
          1,
          null,
          1,
          1,
          null,
          null,
          1,
          0,
          null,
          null,
          1,
          0,
          0,
          null,
          0,
          0,
          null,
          0,
          null,
          null,
          null,
          1,
          0,
          0,
          null,
          0,
          0,
          null,
          0,
          null,
          null,
          null,
          1,
          0,
          null,
          null,
          1,
          0,
          0,
          0,
          null,
          0,
          null,
          null,
          null,
          null,
          null
        ]
      },
      "/home/michael/RubymineProjects/Flashcard_API/app/controllers/application_controller.rb": {
        "lines": [
          1,
          null
        ]
      },
      "/home/michael/RubymineProjects/Flashcard_API/app/models/flashcard.rb": {
        "lines": [
          1,
          1,
          1,
          1,
          null
        ]
      },
      "/home/michael/RubymineProjects/Flashcard_API/app/models/application_record.rb": {
        "lines": [
          1,
          1,
          null
        ]
      },
      "/home/michael/RubymineProjects/Flashcard_API/lib/errors.rb": {
        "lines": [
          1,
          1,
          6,
          6,
          6,
          null,
          1,
          0,
          0,
          null,
          null,
          null,
          null
        ]
      }
    },
    "timestamp": 1663434181
  }
}
